#-----------------------------------------------------------
# Vivado v2018.2_AR71275_op (64-bit)
# SW Build 2258646 on Thu Jun 14 20:02:38 MDT 2018
# IP Build 2256618 on Thu Jun 14 22:10:49 MDT 2018
# Start of session at: Tue Jan 15 12:48:30 2019
# Process ID: 26005
# Current directory: /home/centos/daniel/riffa/fpga/xilinx/vc709/VC709_Gen3x4If128/prj
# Command line: vivado ./VC709_Gen3x4If128.xpr
# Log file: /home/centos/daniel/riffa/fpga/xilinx/vc709/VC709_Gen3x4If128/prj/vivado.log
# Journal file: /home/centos/daniel/riffa/fpga/xilinx/vc709/VC709_Gen3x4If128/prj/vivado.jou
#-----------------------------------------------------------
start_gui
open_project -part xcvu9p-flgb2104-2-i ./VC709_Gen3x4If128.xpr
INFO: [Project 1-313] Project file moved from '/home/drichmond/Research/repositories/git/riffa/fpga/xilinx/vc709/VC709_Gen3x4If128/prj' since last save.
Scanning sources...
Finished scanning sources
INFO: [Project 1-573] Overriding 'synth_1' run's part, 'xc7vx690tffg1761-2', with new part: 'xcvu9p-flgb2104-2-i'.
INFO: [Project 1-573] Overriding 'PCIeGen3x4If128_synth_1' run's part, 'xc7vx690tffg1761-2', with new part: 'xcvu9p-flgb2104-2-i'.
INFO: [Project 1-573] Overriding 'impl_1' run's part, 'xc7vx690tffg1761-2', with new part: 'xcvu9p-flgb2104-2-i'.
INFO: [Project 1-573] Overriding 'PCIeGen3x4If128_impl_1' run's part, 'xc7vx690tffg1761-2', with new part: 'xcvu9p-flgb2104-2-i'.
INFO: [Project 1-563] Overriding project part, 'xc7vx690tffg1761-2', with new part: 'xcvu9p-flgb2104-2-i'.
WARNING: [filemgmt 56-2] IPUserFilesDir: Could not find the directory '/home/centos/daniel/riffa/fpga/xilinx/vc709/VC709_Gen3x4If128/prj/VC709_Gen3x4If128.ip_user_files', nor could it be found using path '/home/drichmond/Research/repositories/git/riffa/fpga/xilinx/vc709/VC709_Gen3x4If128/prj/VC709_Gen3x4If128.ip_user_files'.
CRITICAL WARNING: [Board 49-67] The board_part definition was not found for xilinx.com:vc709:part0:1.5. This can happen sometimes when you use custom board part. You can resolve this issue by setting 'board.repoPaths' parameter, pointing to the location of custom board files. Valid board_part values can be retrieved with the 'get_board_parts' Tcl command.
INFO: [IP_Flow 19-234] Refreshing IP repositories
INFO: [IP_Flow 19-1704] No user IP repositories specified
INFO: [IP_Flow 19-2313] Loaded Vivado IP repository '/opt/Xilinx/Vivado/2018.2.op2258646/data/ip'.
WARNING: [IP_Flow 19-3664] IP 'PCIeGen3x4If128' generated file not found '/home/centos/daniel/riffa/fpga/xilinx/vc709/VC709_Gen3x4If128/ip/PCIeGen3x4If128.dcp'. Please regenerate to continue.
WARNING: [IP_Flow 19-3664] IP 'PCIeGen3x4If128' generated file not found '/home/centos/daniel/riffa/fpga/xilinx/vc709/VC709_Gen3x4If128/ip/PCIeGen3x4If128_stub.v'. Please regenerate to continue.
WARNING: [IP_Flow 19-3664] IP 'PCIeGen3x4If128' generated file not found '/home/centos/daniel/riffa/fpga/xilinx/vc709/VC709_Gen3x4If128/ip/PCIeGen3x4If128_stub.vhdl'. Please regenerate to continue.
WARNING: [IP_Flow 19-3664] IP 'PCIeGen3x4If128' generated file not found '/home/centos/daniel/riffa/fpga/xilinx/vc709/VC709_Gen3x4If128/ip/PCIeGen3x4If128_sim_netlist.v'. Please regenerate to continue.
WARNING: [IP_Flow 19-3664] IP 'PCIeGen3x4If128' generated file not found '/home/centos/daniel/riffa/fpga/xilinx/vc709/VC709_Gen3x4If128/ip/PCIeGen3x4If128_sim_netlist.vhdl'. Please regenerate to continue.
WARNING: [IP_Flow 19-2162] IP 'PCIeGen3x4If128' is locked:
* IP definition 'Virtex-7 FPGA Gen3 Integrated Block for PCI Express (4.1)' for IP 'PCIeGen3x4If128' (customized with software release 2015.4) has a newer minor version in the IP Catalog.
* Current project part 'xcvu9p-flgb2104-2-i' and the part 'xc7vx690tffg1761-2' used to customize the IP 'PCIeGen3x4If128' do not match.
Please select 'Report IP Status' from the 'Tools/Report' menu or run Tcl command 'report_ip_status' for more information.
open_project: Time (s): cpu = 00:00:09 ; elapsed = 00:00:10 . Memory (MB): peak = 6160.711 ; gain = 21.016 ; free physical = 28252 ; free virtual = 66056
report_ip_status -name ip_status 
update_compile_order -fileset sources_1
exit
INFO: [Common 17-206] Exiting Vivado at Tue Jan 15 12:53:37 2019...
